c:\users\user\desktop\plugin_sdk_v3\plugin\build\win\objrx64\customhttplinkui\customhttplinkui.pch
c:\users\user\desktop\plugin_sdk_v3\plugin\build\win\objrx64\customhttplinkui\vc142.pdb
c:\users\user\desktop\plugin_sdk_v3\plugin\build\win\objrx64\customhttplinkui\vcpluginheaders.obj
c:\users\user\desktop\plugin_sdk_v3\plugin\build\win\objrx64\customhttplinkui\pluginstatics.obj
c:\users\user\desktop\plugin_sdk_v3\plugin\build\win\objrx64\customhttplinkui\sdkpluginentrypoint.obj
c:\users\user\desktop\plugin_sdk_v3\plugin\build\win\objrx64\customhttplinkui\triggerresourcedeps.obj
c:\users\user\desktop\plugin_sdk_v3\plugin\build\win\objrx64\customhttplinkui\customhttplinkuiid.obj
c:\users\user\desktop\plugin_sdk_v3\plugin\build\win\objrx64\customhttplinkui\sdkfilehelper.obj
c:\users\user\desktop\plugin_sdk_v3\plugin\build\win\objrx64\customhttplinkui\customhttplinkuinostrip.obj
c:\users\user\desktop\plugin_sdk_v3\plugin\build\win\objrx64\customhttplinkui\customhttplinkuiobserver.obj
c:\users\user\desktop\plugin_sdk_v3\plugin\build\win\objrx64\customhttplinkui\customhttplinkuiactioncomponent.obj
c:\users\user\desktop\plugin_sdk_v3\plugin\build\win\objrx64\customhttplinkui\customhttplinkuiplacebuttonobserver.obj
c:\users\user\desktop\plugin_sdk_v3\plugin\build\win\objrx64\customhttplinkui\customhttplinkui.fres
c:\users\user\desktop\plugin_sdk_v3\plugin\build\win\objrx64\customhttplinkui\customhttplinkui.lib
c:\users\user\desktop\plugin_sdk_v3\plugin\build\win\objrx64\customhttplinkui\customhttplinkui.exp
c:\users\user\desktop\plugin_sdk_v3\plugin\build\win\releasex64\sdk\customhttplinkui.sdk.pln
c:\users\user\desktop\plugin_sdk_v3\plugin\build\win\releasex64\sdk\customhttplinkui.pdb
c:\users\user\desktop\plugin_sdk_v3\plugin\build\win\objrx64\customhttplinkui\customhttplinkui.res
c:\users\user\desktop\plugin_sdk_v3\plugin\build\win\objrx64\customhttplinkui\customhttplinkui.tlog\cl.command.1.tlog
c:\users\user\desktop\plugin_sdk_v3\plugin\build\win\objrx64\customhttplinkui\customhttplinkui.tlog\cl.read.1.tlog
c:\users\user\desktop\plugin_sdk_v3\plugin\build\win\objrx64\customhttplinkui\customhttplinkui.tlog\cl.write.1.tlog
c:\users\user\desktop\plugin_sdk_v3\plugin\build\win\objrx64\customhttplinkui\customhttplinkui.tlog\custombuild.command.1.tlog
c:\users\user\desktop\plugin_sdk_v3\plugin\build\win\objrx64\customhttplinkui\customhttplinkui.tlog\custombuild.read.1.tlog
c:\users\user\desktop\plugin_sdk_v3\plugin\build\win\objrx64\customhttplinkui\customhttplinkui.tlog\custombuild.write.1.tlog
c:\users\user\desktop\plugin_sdk_v3\plugin\build\win\objrx64\customhttplinkui\customhttplinkui.tlog\customhttplinkui.write.1u.tlog
c:\users\user\desktop\plugin_sdk_v3\plugin\build\win\objrx64\customhttplinkui\customhttplinkui.tlog\link.command.1.tlog
c:\users\user\desktop\plugin_sdk_v3\plugin\build\win\objrx64\customhttplinkui\customhttplinkui.tlog\link.read.1.tlog
c:\users\user\desktop\plugin_sdk_v3\plugin\build\win\objrx64\customhttplinkui\customhttplinkui.tlog\link.write.1.tlog
c:\users\user\desktop\plugin_sdk_v3\plugin\build\win\objrx64\customhttplinkui\customhttplinkui.tlog\rc.command.1.tlog
c:\users\user\desktop\plugin_sdk_v3\plugin\build\win\objrx64\customhttplinkui\customhttplinkui.tlog\rc.read.1.tlog
c:\users\user\desktop\plugin_sdk_v3\plugin\build\win\objrx64\customhttplinkui\customhttplinkui.tlog\rc.write.1.tlog
